<?xml version="1.0" encoding="UTF-8"?>
<!-- Generated by org.testng.reporters.JUnitReportReporter -->
<testsuite hostname="DESKTOP-M3B437L" failures="0" tests="1" name="SeleniumJavaDemos.AlertJsPopUpHandling" time="16.291" errors="0" timestamp="2024-06-17T14:53:03 IST" skipped="0">
  <testcase classname="SeleniumJavaDemos.AlertJsPopUpHandling" name="main" time="16.291"/>
</testsuite> <!-- SeleniumJavaDemos.AlertJsPopUpHandling -->
