<?xml version="1.0" encoding="UTF-8"?>
<!-- Generated by org.testng.reporters.JUnitReportReporter -->
<testsuite hostname="DESKTOP-M3B437L" failures="0" tests="1" name="SeleniumJavaDemos.ActionsClickSendKeys" time="3.928" errors="0" timestamp="2024-06-17T14:53:03 IST" skipped="0">
  <testcase classname="SeleniumJavaDemos.ActionsClickSendKeys" name="main" time="3.928"/>
</testsuite> <!-- SeleniumJavaDemos.ActionsClickSendKeys -->
