<?xml version="1.0" encoding="UTF-8"?>
<!-- Generated by org.testng.reporters.JUnitReportReporter -->
<testsuite hostname="DESKTOP-M3B437L" failures="0" tests="1" name="SeleniumJavaDemos.JavaScriptExecutorConcept" time="4.697" errors="0" timestamp="2024-06-17T14:53:03 IST" skipped="0">
  <testcase classname="SeleniumJavaDemos.JavaScriptExecutorConcept" name="main" time="4.697"/>
</testsuite> <!-- SeleniumJavaDemos.JavaScriptExecutorConcept -->
