<?xml version="1.0" encoding="UTF-8"?>
<!-- Generated by org.testng.reporters.JUnitReportReporter -->
<testsuite hostname="DESKTOP-M3B437L" failures="0" tests="1" name="SeleniumJavaDemos.LocatorsStrategy" time="3.303" errors="0" timestamp="2024-06-17T13:40:55 IST" skipped="0">
  <testcase classname="SeleniumJavaDemos.LocatorsStrategy" name="main" time="3.303"/>
</testsuite> <!-- SeleniumJavaDemos.LocatorsStrategy -->
