<?xml version="1.0" encoding="UTF-8"?>
<!-- Generated by org.testng.reporters.JUnitReportReporter -->
<testsuite hostname="DESKTOP-M3B437L" failures="0" tests="1" name="SeleniumJavaDemos.PsuedoElementCncept" time="4.287" errors="0" timestamp="2024-06-17T14:53:03 IST" skipped="0">
  <testcase classname="SeleniumJavaDemos.PsuedoElementCncept" name="main" time="4.287"/>
</testsuite> <!-- SeleniumJavaDemos.PsuedoElementCncept -->
